# JRE version: OpenJDK Runtime Environment (8.0_152-b01) (build 1.8.0_152-release-1248-b01)
# Java VM: OpenJDK 64-Bit Server VM (25.152-b01 mixed mode windows-amd64 compressed oops)
Heap:
 PSYoungGen      total 228864K, used 228838K [0x00000000eab00000, 0x00000000faf80000, 0x0000000100000000)
  eden space 220672K, 100% used [0x00000000eab00000,0x00000000f8280000,0x00000000f8280000)
  from space 8192K, 99% used [0x00000000f8980000,0x00000000f9179950,0x00000000f9180000)
  to   space 23040K, 19% used [0x00000000f9900000,0x00000000f9d4cf58,0x00000000faf80000)
 ParOldGen       total 175616K, used 139706K [0x00000000c0000000, 0x00000000cab80000, 0x00000000eab00000)
  object space 175616K, 79% used [0x00000000c0000000,0x00000000c886eac8,0x00000000cab80000)
 Metaspace       used 93536K, capacity 97526K, committed 97752K, reserved 1134592K
  class space    used 11631K, capacity 12471K, committed 12544K, reserved 1048576K
GC Heap History (10 events):
Event: 1410.477 GC heap after
Heap after GC invocations=26 (full 3):
 PSYoungGen      total 228864K, used 8040K [0x00000000eab00000, 0x00000000faf80000, 0x0000000100000000)
  eden space 220672K, 0% used [0x00000000eab00000,0x00000000eab00000,0x00000000f8280000)
  from space 8192K, 98% used [0x00000000f8980000,0x00000000f915a0f0,0x00000000f9180000)
  to   space 23040K, 0% used [0x00000000f9900000,0x00000000f9900000,0x00000000faf80000)
 ParOldGen       total 175616K, used 106424K [0x00000000c0000000, 0x00000000cab80000, 0x00000000eab00000)
  object space 175616K, 60% used [0x00000000c0000000,0x00000000c67ee1b8,0x00000000cab80000)
 Metaspace       used 93228K, capacity 97198K, committed 97496K, reserved 1134592K
  class space    used 11629K, capacity 12471K, committed 12544K, reserved 1048576K
}
Event: 1411.108 GC heap before
{Heap before GC invocations=27 (full 3):
 PSYoungGen      total 228864K, used 228712K [0x00000000eab00000, 0x00000000faf80000, 0x0000000100000000)
  eden space 220672K, 100% used [0x00000000eab00000,0x00000000f8280000,0x00000000f8280000)
  from space 8192K, 98% used [0x00000000f8980000,0x00000000f915a0f0,0x00000000f9180000)
  to   space 23040K, 0% used [0x00000000f9900000,0x00000000f9900000,0x00000000faf80000)
 ParOldGen       total 175616K, used 106424K [0x00000000c0000000, 0x00000000cab80000, 0x00000000eab00000)
  object space 175616K, 60% used [0x00000000c0000000,0x00000000c67ee1b8,0x00000000cab80000)
 Metaspace       used 93418K, capacity 97334K, committed 97496K, reserved 1134592K
  class space    used 11629K, capacity 12471K, committed 12544K, reserved 1048576K
Event: 1411.135 GC heap after
Heap after GC invocations=27 (full 3):
 PSYoungGen      total 243712K, used 5360K [0x00000000eab00000, 0x00000000faf80000, 0x0000000100000000)
  eden space 220672K, 0% used [0x00000000eab00000,0x00000000eab00000,0x00000000f8280000)
  from space 23040K, 23% used [0x00000000f9900000,0x00000000f9e3c0b0,0x00000000faf80000)
  to   space 8192K, 0% used [0x00000000f8980000,0x00000000f8980000,0x00000000f9180000)
 ParOldGen       total 175616K, used 111664K [0x00000000c0000000, 0x00000000cab80000, 0x00000000eab00000)
  object space 175616K, 63% used [0x00000000c0000000,0x00000000c6d0c2a8,0x00000000cab80000)
 Metaspace       used 93418K, capacity 97334K, committed 97496K, reserved 1134592K
  class space    used 11629K, capacity 12471K, committed 12544K, reserved 1048576K
}
Event: 1411.719 GC heap before
{Heap before GC invocations=28 (full 3):
 PSYoungGen      total 243712K, used 226032K [0x00000000eab00000, 0x00000000faf80000, 0x0000000100000000)
  eden space 220672K, 100% used [0x00000000eab00000,0x00000000f8280000,0x00000000f8280000)
  from space 23040K, 23% used [0x00000000f9900000,0x00000000f9e3c0b0,0x00000000faf80000)
  to   space 8192K, 0% used [0x00000000f8980000,0x00000000f8980000,0x00000000f9180000)
 ParOldGen       total 175616K, used 111664K [0x00000000c0000000, 0x00000000cab80000, 0x00000000eab00000)
  object space 175616K, 63% used [0x00000000c0000000,0x00000000c6d0c2a8,0x00000000cab80000)
 Metaspace       used 93475K, capacity 97462K, committed 97752K, reserved 1134592K
  class space    used 11630K, capacity 12471K, committed 12544K, reserved 1048576K
Event: 1411.734 GC heap after
Heap after GC invocations=28 (full 3):
 PSYoungGen      total 228864K, used 8184K [0x00000000eab00000, 0x00000000faf80000, 0x0000000100000000)
  eden space 220672K, 0% used [0x00000000eab00000,0x00000000eab00000,0x00000000f8280000)
  from space 8192K, 99% used [0x00000000f8980000,0x00000000f917e0e0,0x00000000f9180000)
  to   space 23040K, 0% used [0x00000000f9900000,0x00000000f9900000,0x00000000faf80000)
 ParOldGen       total 175616K, used 115088K [0x00000000c0000000, 0x00000000cab80000, 0x00000000eab00000)
  object space 175616K, 65% used [0x00000000c0000000,0x00000000c70642b8,0x00000000cab80000)
 Metaspace       used 93475K, capacity 97462K, committed 97752K, reserved 1134592K
  class space    used 11630K, capacity 12471K, committed 12544K, reserved 1048576K
}
Event: 1412.204 GC heap before
{Heap before GC invocations=29 (full 3):
 PSYoungGen      total 228864K, used 228856K [0x00000000eab00000, 0x00000000faf80000, 0x0000000100000000)
  eden space 220672K, 100% used [0x00000000eab00000,0x00000000f8280000,0x00000000f8280000)
  from space 8192K, 99% used [0x00000000f8980000,0x00000000f917e0e0,0x00000000f9180000)
  to   space 23040K, 0% used [0x00000000f9900000,0x00000000f9900000,0x00000000faf80000)
 ParOldGen       total 175616K, used 115088K [0x00000000c0000000, 0x00000000cab80000, 0x00000000eab00000)
  object space 175616K, 65% used [0x00000000c0000000,0x00000000c70642b8,0x00000000cab80000)
 Metaspace       used 93516K, capacity 97462K, committed 97752K, reserved 1134592K
  class space    used 11630K, capacity 12471K, committed 12544K, reserved 1048576K
Event: 1412.224 GC heap after
Heap after GC invocations=29 (full 3):
 PSYoungGen      total 243712K, used 15822K [0x00000000eab00000, 0x00000000faf80000, 0x0000000100000000)
  eden space 220672K, 0% used [0x00000000eab00000,0x00000000eab00000,0x00000000f8280000)
  from space 23040K, 68% used [0x00000000f9900000,0x00000000fa8739d8,0x00000000faf80000)
  to   space 8192K, 0% used [0x00000000f8980000,0x00000000f8980000,0x00000000f9180000)
 ParOldGen       total 175616K, used 119040K [0x00000000c0000000, 0x00000000cab80000, 0x00000000eab00000)
  object space 175616K, 67% used [0x00000000c0000000,0x00000000c7440338,0x00000000cab80000)
 Metaspace       used 93516K, capacity 97462K, committed 97752K, reserved 1134592K
  class space    used 11630K, capacity 12471K, committed 12544K, reserved 1048576K
}
Event: 1412.864 GC heap before
{Heap before GC invocations=30 (full 3):
 PSYoungGen      total 243712K, used 236494K [0x00000000eab00000, 0x00000000faf80000, 0x0000000100000000)
  eden space 220672K, 100% used [0x00000000eab00000,0x00000000f8280000,0x00000000f8280000)
  from space 23040K, 68% used [0x00000000f9900000,0x00000000fa8739d8,0x00000000faf80000)
  to   space 8192K, 0% used [0x00000000f8980000,0x00000000f8980000,0x00000000f9180000)
 ParOldGen       total 175616K, used 119040K [0x00000000c0000000, 0x00000000cab80000, 0x00000000eab00000)
  object space 175616K, 67% used [0x00000000c0000000,0x00000000c7440338,0x00000000cab80000)
 Metaspace       used 93523K, capacity 97462K, committed 97752K, reserved 1134592K
  class space    used 11630K, capacity 12471K, committed 12544K, reserved 1048576K
Event: 1412.890 GC heap after
Heap after GC invocations=30 (full 3):
 PSYoungGen      total 228864K, used 8166K [0x00000000eab00000, 0x00000000faf80000, 0x0000000100000000)
  eden space 220672K, 0% used [0x00000000eab00000,0x00000000eab00000,0x00000000f8280000)
  from space 8192K, 99% used [0x00000000f8980000,0x00000000f9179950,0x00000000f9180000)
  to   space 23040K, 0% used [0x00000000f9900000,0x00000000f9900000,0x00000000faf80000)
 ParOldGen       total 175616K, used 135123K [0x00000000c0000000, 0x00000000cab80000, 0x00000000eab00000)
  object space 175616K, 76% used [0x00000000c0000000,0x00000000c83f4f00,0x00000000cab80000)
 Metaspace       used 93523K, capacity 97462K, committed 97752K, reserved 1134592K
  class space    used 11630K, capacity 12471K, committed 12544K, reserved 1048576K
}
Event: 1413.559 GC heap before
{Heap before GC invocations=31 (full 3):
 PSYoungGen      total 228864K, used 228838K [0x00000000eab00000, 0x00000000faf80000, 0x0000000100000000)
  eden space 220672K, 100% used [0x00000000eab00000,0x00000000f8280000,0x00000000f8280000)
  from space 8192K, 99% used [0x00000000f8980000,0x00000000f9179950,0x00000000f9180000)
  to   space 23040K, 0% used [0x00000000f9900000,0x00000000f9900000,0x00000000faf80000)
 ParOldGen       total 175616K, used 135123K [0x00000000c0000000, 0x00000000cab80000, 0x00000000eab00000)
  object space 175616K, 76% used [0x00000000c0000000,0x00000000c83f4f00,0x00000000cab80000)
 Metaspace       used 93536K, capacity 97526K, committed 97752K, reserved 1134592K
  class space    used 11631K, capacity 12471K, committed 12544K, reserved 1048576K

